2026-03-08 08:49:03,595 [INFO] 
--- NO CHECKPOINT FOUND. COLD STARTING ---
2026-03-08 08:49:03,595 [INFO] 
--- GENERATING INITIAL DATASET (51 SAMPLES) ---
2026-03-08 08:49:03,977 [INFO] 
Starting Initial LHS Batch: Samples 1 to 3
2026-03-08 08:49:08,740 [INFO] [Eval 0] Initializing on GPU 1...
2026-03-08 08:49:08,740 [INFO] [Eval 2] Initializing on GPU 3...
2026-03-08 08:49:08,741 [INFO] [Eval 1] Initializing on GPU 2...
2026-03-08 10:35:48,641 [INFO]   [+] Initial Sample 1/51 completed.
2026-03-08 10:36:13,967 [INFO]   [+] Initial Sample 2/51 completed.
2026-03-08 10:38:11,092 [INFO]   [+] Initial Sample 3/51 completed.
2026-03-08 10:38:12,276 [INFO] 
Starting Initial LHS Batch: Samples 4 to 6
2026-03-08 10:38:17,060 [INFO] [Eval 3] Initializing on GPU 1...
2026-03-08 10:38:17,060 [INFO] [Eval 4] Initializing on GPU 2...
2026-03-08 10:38:17,078 [INFO] [Eval 5] Initializing on GPU 3...
2026-03-08 12:23:17,096 [INFO]   [+] Initial Sample 5/51 completed.
2026-03-08 12:25:59,986 [INFO]   [+] Initial Sample 4/51 completed.
2026-03-08 12:27:50,436 [INFO]   [+] Initial Sample 6/51 completed.
2026-03-08 12:27:51,615 [INFO] 
Starting Initial LHS Batch: Samples 7 to 9
2026-03-08 12:27:56,369 [INFO] [Eval 6] Initializing on GPU 1...
2026-03-08 12:27:56,371 [INFO] [Eval 7] Initializing on GPU 2...
2026-03-08 12:27:56,385 [INFO] [Eval 8] Initializing on GPU 3...
2026-03-08 14:14:08,932 [INFO]   [+] Initial Sample 7/51 completed.
2026-03-08 14:16:28,660 [INFO]   [+] Initial Sample 9/51 completed.
2026-03-08 14:16:31,336 [INFO]   [+] Initial Sample 8/51 completed.
2026-03-08 14:16:32,490 [INFO] 
Starting Initial LHS Batch: Samples 10 to 12
2026-03-08 14:16:37,237 [INFO] [Eval 9] Initializing on GPU 1...
2026-03-08 14:16:37,286 [INFO] [Eval 10] Initializing on GPU 2...
2026-03-08 14:16:37,288 [INFO] [Eval 11] Initializing on GPU 3...
2026-03-08 16:02:30,823 [INFO]   [+] Initial Sample 11/51 completed.
2026-03-08 16:04:31,167 [INFO]   [+] Initial Sample 10/51 completed.
2026-03-08 16:04:36,979 [INFO]   [+] Initial Sample 12/51 completed.
2026-03-08 16:04:38,121 [INFO] 
Starting Initial LHS Batch: Samples 13 to 15
2026-03-08 16:04:42,819 [INFO] [Eval 12] Initializing on GPU 1...
2026-03-08 16:04:42,866 [INFO] [Eval 14] Initializing on GPU 3...
2026-03-08 16:04:42,872 [INFO] [Eval 13] Initializing on GPU 2...
2026-03-08 17:50:27,915 [INFO]   [+] Initial Sample 13/51 completed.
2026-03-08 17:53:20,870 [INFO]   [+] Initial Sample 15/51 completed.
2026-03-08 17:54:17,722 [INFO]   [+] Initial Sample 14/51 completed.
2026-03-08 17:54:18,871 [INFO] 
Starting Initial LHS Batch: Samples 16 to 18
2026-03-08 17:54:23,635 [INFO] [Eval 17] Initializing on GPU 3...
2026-03-08 17:54:23,635 [INFO] [Eval 16] Initializing on GPU 2...
2026-03-08 17:54:23,638 [INFO] [Eval 15] Initializing on GPU 1...
2026-03-08 19:40:39,290 [INFO]   [+] Initial Sample 18/51 completed.
2026-03-08 19:40:56,719 [INFO]   [+] Initial Sample 16/51 completed.
2026-03-08 19:42:25,056 [INFO]   [+] Initial Sample 17/51 completed.
2026-03-08 19:42:26,215 [INFO] 
Starting Initial LHS Batch: Samples 19 to 21
2026-03-08 19:42:30,914 [INFO] [Eval 18] Initializing on GPU 1...
2026-03-08 19:42:30,937 [INFO] [Eval 20] Initializing on GPU 3...
2026-03-08 19:42:30,939 [INFO] [Eval 19] Initializing on GPU 2...
2026-03-08 21:29:25,672 [INFO]   [+] Initial Sample 19/51 completed.
2026-03-08 21:30:40,067 [INFO]   [+] Initial Sample 21/51 completed.
2026-03-08 21:31:16,845 [INFO]   [+] Initial Sample 20/51 completed.
2026-03-08 21:31:17,999 [INFO] 
Starting Initial LHS Batch: Samples 22 to 24
2026-03-08 21:31:22,747 [INFO] [Eval 21] Initializing on GPU 1...
2026-03-08 21:31:22,747 [INFO] [Eval 22] Initializing on GPU 2...
2026-03-08 21:31:22,775 [INFO] [Eval 23] Initializing on GPU 3...
2026-03-08 23:18:43,172 [INFO]   [+] Initial Sample 24/51 completed.
2026-03-08 23:19:11,726 [INFO]   [+] Initial Sample 22/51 completed.
2026-03-08 23:20:17,536 [INFO]   [+] Initial Sample 23/51 completed.
2026-03-08 23:20:18,716 [INFO] 
Starting Initial LHS Batch: Samples 25 to 27
2026-03-08 23:20:23,479 [INFO] [Eval 25] Initializing on GPU 2...
2026-03-08 23:20:23,497 [INFO] [Eval 26] Initializing on GPU 3...
2026-03-08 23:20:23,515 [INFO] [Eval 24] Initializing on GPU 1...
2026-03-09 01:08:20,701 [INFO]   [+] Initial Sample 27/51 completed.
2026-03-09 01:08:50,308 [INFO]   [+] Initial Sample 25/51 completed.
2026-03-09 01:09:06,303 [INFO]   [+] Initial Sample 26/51 completed.
2026-03-09 01:09:07,488 [INFO] 
Starting Initial LHS Batch: Samples 28 to 30
2026-03-09 01:09:12,267 [INFO] [Eval 28] Initializing on GPU 2...
2026-03-09 01:09:12,277 [INFO] [Eval 27] Initializing on GPU 1...
2026-03-09 01:09:12,278 [INFO] [Eval 29] Initializing on GPU 3...
2026-03-09 02:56:04,325 [INFO]   [+] Initial Sample 30/51 completed.
2026-03-09 02:57:28,568 [INFO]   [+] Initial Sample 29/51 completed.
2026-03-09 02:57:28,806 [INFO]   [+] Initial Sample 28/51 completed.
2026-03-09 02:57:29,974 [INFO] 
Starting Initial LHS Batch: Samples 31 to 33
2026-03-09 02:57:34,729 [INFO] [Eval 30] Initializing on GPU 1...
2026-03-09 02:57:34,770 [INFO] [Eval 32] Initializing on GPU 3...
2026-03-09 02:57:34,771 [INFO] [Eval 31] Initializing on GPU 2...
2026-03-09 04:43:31,230 [INFO]   [+] Initial Sample 31/51 completed.
2026-03-09 04:43:48,198 [INFO]   [+] Initial Sample 32/51 completed.
2026-03-09 04:45:12,402 [INFO]   [+] Initial Sample 33/51 completed.
2026-03-09 04:45:13,581 [INFO] 
Starting Initial LHS Batch: Samples 34 to 36
2026-03-09 04:45:18,351 [INFO] [Eval 33] Initializing on GPU 1...
2026-03-09 04:45:18,353 [INFO] [Eval 34] Initializing on GPU 2...
2026-03-09 04:45:18,368 [INFO] [Eval 35] Initializing on GPU 3...
2026-03-09 06:32:37,942 [INFO]   [+] Initial Sample 34/51 completed.
2026-03-09 06:32:39,444 [INFO]   [+] Initial Sample 35/51 completed.
2026-03-09 06:34:24,813 [INFO]   [+] Initial Sample 36/51 completed.
2026-03-09 06:34:25,973 [INFO] 
Starting Initial LHS Batch: Samples 37 to 39
2026-03-09 06:34:30,708 [INFO] [Eval 37] Initializing on GPU 2...
2026-03-09 06:34:30,712 [INFO] [Eval 36] Initializing on GPU 1...
2026-03-09 06:34:30,735 [INFO] [Eval 38] Initializing on GPU 3...
2026-03-09 08:19:31,458 [INFO]   [+] Initial Sample 38/51 completed.
2026-03-09 08:22:02,283 [INFO]   [+] Initial Sample 39/51 completed.
2026-03-09 08:23:20,074 [INFO]   [+] Initial Sample 37/51 completed.
2026-03-09 08:23:21,239 [INFO] 
Starting Initial LHS Batch: Samples 40 to 42
2026-03-09 08:23:26,003 [INFO] [Eval 39] Initializing on GPU 1...
2026-03-09 08:23:26,050 [INFO] [Eval 41] Initializing on GPU 3...
2026-03-09 08:23:26,050 [INFO] [Eval 40] Initializing on GPU 2...
2026-03-09 10:11:11,406 [INFO]   [+] Initial Sample 40/51 completed.
2026-03-09 10:12:20,702 [INFO]   [+] Initial Sample 41/51 completed.
2026-03-09 10:12:56,577 [INFO]   [+] Initial Sample 42/51 completed.
2026-03-09 10:12:57,749 [INFO] 
Starting Initial LHS Batch: Samples 43 to 45
2026-03-09 10:13:02,571 [INFO] [Eval 42] Initializing on GPU 1...
2026-03-09 10:13:02,590 [INFO] [Eval 44] Initializing on GPU 3...
2026-03-09 10:13:02,604 [INFO] [Eval 43] Initializing on GPU 2...
2026-03-09 12:00:59,131 [INFO]   [+] Initial Sample 45/51 completed.
2026-03-09 12:01:48,195 [INFO]   [+] Initial Sample 43/51 completed.
2026-03-09 12:03:53,135 [INFO]   [+] Initial Sample 44/51 completed.
2026-03-09 12:03:54,298 [INFO] 
Starting Initial LHS Batch: Samples 46 to 48
2026-03-09 12:03:58,954 [INFO] [Eval 45] Initializing on GPU 1...
2026-03-09 12:03:59,062 [INFO] [Eval 47] Initializing on GPU 3...
2026-03-09 12:03:59,062 [INFO] [Eval 46] Initializing on GPU 2...
2026-03-09 13:51:25,634 [INFO]   [+] Initial Sample 47/51 completed.
2026-03-09 13:52:03,281 [INFO]   [+] Initial Sample 48/51 completed.
2026-03-09 13:52:40,262 [INFO]   [+] Initial Sample 46/51 completed.
2026-03-09 13:52:41,464 [INFO] 
Starting Initial LHS Batch: Samples 49 to 51
2026-03-09 13:52:46,213 [INFO] [Eval 48] Initializing on GPU 1...
2026-03-09 13:52:46,280 [INFO] [Eval 49] Initializing on GPU 2...
2026-03-09 13:52:46,281 [INFO] [Eval 50] Initializing on GPU 3...
2026-03-09 15:39:18,068 [INFO]   [+] Initial Sample 49/51 completed.
2026-03-09 15:39:48,194 [INFO]   [+] Initial Sample 51/51 completed.
2026-03-09 15:39:49,167 [INFO]   [+] Initial Sample 50/51 completed.
2026-03-09 15:39:50,357 [INFO] Saved Initial LHS dataset to bo_checkpoint_iter_0.pt
2026-03-09 15:39:50,357 [INFO] 
========================================
2026-03-09 15:39:50,357 [INFO]  BO ITERATION 18 / 30
2026-03-09 15:39:50,357 [INFO] ========================================
2026-03-09 15:39:50,357 [INFO] Training GP Models...
2026-03-09 15:39:54,767 [INFO] Solving Mixed Acquisition Function for 3 candidates...
2026-03-09 16:03:49,297 [INFO]   -> Acquisition Function Value (qLogEHVI): -0.6042
2026-03-09 16:03:49,297 [INFO] Dispatching physics simulations to GPUs...
2026-03-09 16:03:54,124 [INFO] [Eval 53] Initializing on GPU 3...
2026-03-09 16:03:54,124 [INFO] [Eval 51] Initializing on GPU 1...
2026-03-09 16:03:54,128 [INFO] [Eval 52] Initializing on GPU 2...
