2026-03-05 12:28:40,459 [INFO] 
--- NO CHECKPOINT FOUND. COLD STARTING ---
2026-03-05 12:28:40,459 [INFO] 
--- GENERATING INITIAL DATASET (15 SAMPLES) ---
2026-03-05 12:28:42,357 [ERROR] [!] Eval 0 FAILED on GPU 1: cudaErrorInvalidDevice: invalid device ordinal
2026-03-05 12:28:42,357 [ERROR] [!] Eval 3 FAILED on GPU 1: cudaErrorInvalidDevice: invalid device ordinal
2026-03-05 12:28:42,358 [ERROR] [!] Eval 4 FAILED on GPU 2: cudaErrorInvalidDevice: invalid device ordinal
2026-03-05 12:28:42,358 [INFO]   [+] Initial Sample 1/15 completed.
2026-03-05 12:28:42,358 [ERROR] [!] Eval 5 FAILED on GPU 3: cudaErrorInvalidDevice: invalid device ordinal
2026-03-05 12:28:42,359 [ERROR] [!] Eval 6 FAILED on GPU 1: cudaErrorInvalidDevice: invalid device ordinal
2026-03-05 12:28:42,359 [ERROR] [!] Eval 7 FAILED on GPU 2: cudaErrorInvalidDevice: invalid device ordinal
2026-03-05 12:28:42,359 [INFO]   [+] Initial Sample 4/15 completed.
2026-03-05 12:28:42,359 [ERROR] [!] Eval 8 FAILED on GPU 3: cudaErrorInvalidDevice: invalid device ordinal
2026-03-05 12:28:42,359 [INFO]   [+] Initial Sample 5/15 completed.
2026-03-05 12:28:42,359 [ERROR] [!] Eval 9 FAILED on GPU 1: cudaErrorInvalidDevice: invalid device ordinal
2026-03-05 12:28:42,359 [ERROR] [!] Eval 10 FAILED on GPU 2: cudaErrorInvalidDevice: invalid device ordinal
2026-03-05 12:28:42,360 [ERROR] [!] Eval 11 FAILED on GPU 3: cudaErrorInvalidDevice: invalid device ordinal
2026-03-05 12:28:42,360 [INFO]   [+] Initial Sample 6/15 completed.
2026-03-05 12:28:42,360 [ERROR] [!] Eval 12 FAILED on GPU 1: cudaErrorInvalidDevice: invalid device ordinal
2026-03-05 12:28:42,360 [INFO]   [+] Initial Sample 7/15 completed.
2026-03-05 12:28:42,360 [ERROR] [!] Eval 13 FAILED on GPU 2: cudaErrorInvalidDevice: invalid device ordinal
2026-03-05 12:28:42,361 [INFO]   [+] Initial Sample 8/15 completed.
2026-03-05 12:28:42,361 [ERROR] [!] Eval 14 FAILED on GPU 3: cudaErrorInvalidDevice: invalid device ordinal
2026-03-05 12:28:42,361 [INFO]   [+] Initial Sample 9/15 completed.
2026-03-05 12:28:42,361 [INFO]   [+] Initial Sample 10/15 completed.
2026-03-05 12:28:42,361 [INFO]   [+] Initial Sample 11/15 completed.
2026-03-05 12:28:42,361 [INFO]   [+] Initial Sample 12/15 completed.
2026-03-05 12:28:42,361 [INFO]   [+] Initial Sample 13/15 completed.
2026-03-05 12:28:42,361 [INFO]   [+] Initial Sample 14/15 completed.
2026-03-05 12:28:42,361 [INFO]   [+] Initial Sample 15/15 completed.
2026-03-05 12:28:42,387 [ERROR] [!] Eval 2 FAILED on GPU 3: cudaErrorInvalidDevice: invalid device ordinal
2026-03-05 12:28:42,388 [INFO]   [+] Initial Sample 3/15 completed.
2026-03-05 12:28:42,402 [ERROR] [!] Eval 1 FAILED on GPU 2: cudaErrorInvalidDevice: invalid device ordinal
2026-03-05 12:28:42,402 [INFO]   [+] Initial Sample 2/15 completed.
2026-03-05 12:28:42,992 [INFO] Saved Initial LHS dataset to bo_checkpoint_iter_0.pt
2026-03-05 12:28:42,993 [INFO] 
========================================
2026-03-05 12:28:42,993 [INFO]  BO ITERATION 6 / 30
2026-03-05 12:28:42,993 [INFO] ========================================
2026-03-05 12:28:42,993 [INFO] Training GP Models...
2026-03-05 12:28:44,805 [INFO] Solving Mixed Acquisition Function for 3 candidates...
2026-03-05 12:29:08,440 [INFO] 
--- NO CHECKPOINT FOUND. COLD STARTING ---
2026-03-05 12:29:08,440 [INFO] 
--- GENERATING INITIAL DATASET (15 SAMPLES) ---
2026-03-05 12:29:10,288 [ERROR] [!] Eval 0 FAILED on GPU 1: cudaErrorInvalidDevice: invalid device ordinal
2026-03-05 12:29:10,289 [ERROR] [!] Eval 3 FAILED on GPU 1: cudaErrorInvalidDevice: invalid device ordinal
2026-03-05 12:29:10,289 [INFO]   [+] Initial Sample 1/15 completed.
2026-03-05 12:29:10,290 [ERROR] [!] Eval 4 FAILED on GPU 2: cudaErrorInvalidDevice: invalid device ordinal
2026-03-05 12:29:10,290 [ERROR] [!] Eval 5 FAILED on GPU 3: cudaErrorInvalidDevice: invalid device ordinal
2026-03-05 12:29:10,290 [INFO]   [+] Initial Sample 4/15 completed.
2026-03-05 12:29:10,290 [ERROR] [!] Eval 6 FAILED on GPU 1: cudaErrorInvalidDevice: invalid device ordinal
2026-03-05 12:29:10,290 [INFO]   [+] Initial Sample 5/15 completed.
2026-03-05 12:29:10,290 [ERROR] [!] Eval 7 FAILED on GPU 2: cudaErrorInvalidDevice: invalid device ordinal
2026-03-05 12:29:10,291 [INFO]   [+] Initial Sample 6/15 completed.
2026-03-05 12:29:10,291 [ERROR] [!] Eval 8 FAILED on GPU 3: cudaErrorInvalidDevice: invalid device ordinal
2026-03-05 12:29:10,291 [ERROR] [!] Eval 9 FAILED on GPU 1: cudaErrorInvalidDevice: invalid device ordinal
2026-03-05 12:29:10,291 [INFO]   [+] Initial Sample 7/15 completed.
2026-03-05 12:29:10,291 [ERROR] [!] Eval 10 FAILED on GPU 2: cudaErrorInvalidDevice: invalid device ordinal
2026-03-05 12:29:10,291 [INFO]   [+] Initial Sample 8/15 completed.
2026-03-05 12:29:10,291 [ERROR] [!] Eval 11 FAILED on GPU 3: cudaErrorInvalidDevice: invalid device ordinal
2026-03-05 12:29:10,292 [INFO]   [+] Initial Sample 9/15 completed.
2026-03-05 12:29:10,292 [ERROR] [!] Eval 12 FAILED on GPU 1: cudaErrorInvalidDevice: invalid device ordinal
2026-03-05 12:29:10,292 [ERROR] [!] Eval 13 FAILED on GPU 2: cudaErrorInvalidDevice: invalid device ordinal
2026-03-05 12:29:10,292 [INFO]   [+] Initial Sample 10/15 completed.
2026-03-05 12:29:10,292 [ERROR] [!] Eval 14 FAILED on GPU 3: cudaErrorInvalidDevice: invalid device ordinal
2026-03-05 12:29:10,292 [INFO]   [+] Initial Sample 11/15 completed.
2026-03-05 12:29:10,292 [INFO]   [+] Initial Sample 12/15 completed.
2026-03-05 12:29:10,292 [INFO]   [+] Initial Sample 13/15 completed.
2026-03-05 12:29:10,293 [INFO]   [+] Initial Sample 14/15 completed.
2026-03-05 12:29:10,293 [INFO]   [+] Initial Sample 15/15 completed.
2026-03-05 12:29:10,297 [ERROR] [!] Eval 1 FAILED on GPU 2: cudaErrorInvalidDevice: invalid device ordinal
2026-03-05 12:29:10,297 [ERROR] [!] Eval 2 FAILED on GPU 3: cudaErrorInvalidDevice: invalid device ordinal
2026-03-05 12:29:10,297 [INFO]   [+] Initial Sample 2/15 completed.
2026-03-05 12:29:10,298 [INFO]   [+] Initial Sample 3/15 completed.
2026-03-05 12:31:58,862 [INFO] 
--- NO CHECKPOINT FOUND. COLD STARTING ---
2026-03-05 12:31:58,862 [INFO] 
--- GENERATING INITIAL DATASET (15 SAMPLES) ---
2026-03-05 12:31:59,002 [INFO] 
Starting Initial LHS Batch: Samples 1 to 3
2026-03-05 12:32:03,767 [INFO] [Eval 0] Initializing on GPU 1...
2026-03-05 12:32:03,767 [INFO] [Eval 2] Initializing on GPU 3...
2026-03-05 12:32:03,769 [INFO] [Eval 1] Initializing on GPU 2...
2026-03-05 12:34:09,857 [INFO] 
--- NO CHECKPOINT FOUND. COLD STARTING ---
2026-03-05 12:34:09,857 [INFO] 
--- GENERATING INITIAL DATASET (15 SAMPLES) ---
2026-03-05 12:34:09,979 [INFO] 
Starting Initial LHS Batch: Samples 1 to 3
2026-03-05 12:34:14,740 [INFO] [Eval 0] Initializing on GPU 1...
2026-03-05 12:34:14,768 [INFO] [Eval 2] Initializing on GPU 3...
2026-03-05 12:34:14,776 [INFO] [Eval 1] Initializing on GPU 2...
2026-03-05 14:12:55,680 [INFO] 
--- NO CHECKPOINT FOUND. COLD STARTING ---
2026-03-05 14:12:55,680 [INFO] 
--- GENERATING INITIAL DATASET (15 SAMPLES) ---
2026-03-05 14:12:55,901 [INFO] 
Starting Initial LHS Batch: Samples 1 to 3
2026-03-05 14:13:00,629 [INFO] [Eval 0] Initializing on GPU 1...
2026-03-05 14:13:00,674 [INFO] [Eval 1] Initializing on GPU 2...
2026-03-05 14:13:00,692 [INFO] [Eval 2] Initializing on GPU 3...
2026-03-05 14:13:52,374 [INFO] 
--- NO CHECKPOINT FOUND. COLD STARTING ---
2026-03-05 14:13:52,374 [INFO] 
--- GENERATING INITIAL DATASET (15 SAMPLES) ---
2026-03-05 14:13:52,558 [INFO] 
Starting Initial LHS Batch: Samples 1 to 3
2026-03-05 14:13:57,297 [INFO] [Eval 0] Initializing on GPU 1...
2026-03-05 14:13:57,353 [INFO] [Eval 2] Initializing on GPU 3...
2026-03-05 14:13:57,362 [INFO] [Eval 1] Initializing on GPU 2...
2026-03-05 16:01:19,660 [INFO]   [+] Initial Sample 1/15 completed.
2026-03-05 16:01:43,206 [INFO]   [+] Initial Sample 3/15 completed.
2026-03-05 16:01:53,303 [INFO]   [+] Initial Sample 2/15 completed.
2026-03-05 16:01:54,472 [INFO] 
Starting Initial LHS Batch: Samples 4 to 6
2026-03-05 16:01:59,289 [INFO] [Eval 4] Initializing on GPU 2...
2026-03-05 16:01:59,314 [INFO] [Eval 5] Initializing on GPU 3...
2026-03-05 16:01:59,318 [INFO] [Eval 3] Initializing on GPU 1...
2026-03-05 17:50:17,660 [INFO]   [+] Initial Sample 4/15 completed.
2026-03-05 17:50:25,295 [INFO]   [+] Initial Sample 5/15 completed.
2026-03-05 17:51:41,957 [INFO]   [+] Initial Sample 6/15 completed.
2026-03-05 17:51:43,139 [INFO] 
Starting Initial LHS Batch: Samples 7 to 9
2026-03-05 17:51:47,955 [INFO] [Eval 7] Initializing on GPU 2...
2026-03-05 17:51:47,957 [INFO] [Eval 6] Initializing on GPU 1...
2026-03-05 17:51:47,960 [INFO] [Eval 8] Initializing on GPU 3...
2026-03-05 19:37:44,940 [INFO]   [+] Initial Sample 7/15 completed.
2026-03-05 19:37:46,777 [INFO]   [+] Initial Sample 8/15 completed.
2026-03-05 19:39:21,371 [INFO]   [+] Initial Sample 9/15 completed.
2026-03-05 19:39:22,525 [INFO] 
Starting Initial LHS Batch: Samples 10 to 12
2026-03-05 19:39:27,369 [INFO] [Eval 11] Initializing on GPU 3...
2026-03-05 19:39:27,371 [INFO] [Eval 9] Initializing on GPU 1...
2026-03-05 19:39:27,390 [INFO] [Eval 10] Initializing on GPU 2...
2026-03-05 21:27:24,271 [INFO]   [+] Initial Sample 10/15 completed.
2026-03-05 21:27:58,081 [INFO]   [+] Initial Sample 11/15 completed.
2026-03-05 21:28:54,063 [INFO]   [+] Initial Sample 12/15 completed.
2026-03-05 21:28:55,244 [INFO] 
Starting Initial LHS Batch: Samples 13 to 15
2026-03-05 21:29:00,019 [INFO] [Eval 12] Initializing on GPU 1...
2026-03-05 21:29:00,100 [INFO] [Eval 13] Initializing on GPU 2...
2026-03-05 21:29:00,130 [INFO] [Eval 14] Initializing on GPU 3...
2026-03-05 23:16:37,415 [INFO]   [+] Initial Sample 13/15 completed.
2026-03-05 23:17:49,958 [INFO]   [+] Initial Sample 14/15 completed.
2026-03-05 23:18:24,783 [INFO]   [+] Initial Sample 15/15 completed.
2026-03-05 23:18:25,984 [INFO] Saved Initial LHS dataset to bo_checkpoint_iter_0.pt
2026-03-05 23:18:25,984 [INFO] 
========================================
2026-03-05 23:18:25,984 [INFO]  BO ITERATION 6 / 30
2026-03-05 23:18:25,984 [INFO] ========================================
2026-03-05 23:18:25,984 [INFO] Training GP Models...
2026-03-05 23:18:28,125 [INFO] Solving Mixed Acquisition Function for 3 candidates...
2026-03-05 23:18:55,628 [INFO]   -> Acquisition Function Value (qLogEHVI): 5.4056
2026-03-05 23:18:55,628 [INFO] Dispatching physics simulations to GPUs...
2026-03-05 23:19:00,328 [INFO] [Eval 16] Initializing on GPU 2...
2026-03-05 23:19:00,410 [INFO] [Eval 17] Initializing on GPU 3...
2026-03-05 23:19:00,410 [INFO] [Eval 15] Initializing on GPU 1...
2026-03-06 01:04:15,042 [INFO]   [+] BO Task 00 (GPU 1) finished.
2026-03-06 01:04:43,929 [INFO]   [+] BO Task 01 (GPU 2) finished.
2026-03-06 01:04:51,825 [INFO]   [+] BO Task 02 (GPU 3) finished.
2026-03-06 01:04:52,990 [INFO] Iteration complete. Data saved.
2026-03-06 01:04:52,990 [INFO] 
========================================
2026-03-06 01:04:52,990 [INFO]  BO ITERATION 7 / 30
2026-03-06 01:04:52,990 [INFO] ========================================
2026-03-06 01:04:52,990 [INFO] Training GP Models...
2026-03-06 01:04:56,038 [INFO] Solving Mixed Acquisition Function for 3 candidates...
2026-03-06 01:05:38,400 [INFO]   -> Acquisition Function Value (qLogEHVI): 5.2214
2026-03-06 01:05:38,400 [INFO] Dispatching physics simulations to GPUs...
2026-03-06 01:05:43,167 [INFO] [Eval 18] Initializing on GPU 1...
2026-03-06 01:05:43,182 [INFO] [Eval 19] Initializing on GPU 2...
2026-03-06 01:05:43,185 [INFO] [Eval 20] Initializing on GPU 3...
2026-03-06 02:53:19,815 [INFO]   [+] BO Task 01 (GPU 2) finished.
2026-03-06 02:53:33,988 [INFO]   [+] BO Task 02 (GPU 3) finished.
2026-03-06 02:53:59,086 [INFO]   [+] BO Task 00 (GPU 1) finished.
2026-03-06 02:54:00,247 [INFO] Iteration complete. Data saved.
2026-03-06 02:54:00,247 [INFO] 
========================================
2026-03-06 02:54:00,247 [INFO]  BO ITERATION 8 / 30
2026-03-06 02:54:00,247 [INFO] ========================================
2026-03-06 02:54:00,247 [INFO] Training GP Models...
2026-03-06 02:54:02,598 [INFO] Solving Mixed Acquisition Function for 3 candidates...
2026-03-06 02:54:51,055 [INFO]   -> Acquisition Function Value (qLogEHVI): 5.2236
2026-03-06 02:54:51,055 [INFO] Dispatching physics simulations to GPUs...
2026-03-06 02:54:55,736 [INFO] [Eval 21] Initializing on GPU 1...
2026-03-06 02:54:55,779 [INFO] [Eval 22] Initializing on GPU 2...
2026-03-06 02:54:55,805 [INFO] [Eval 23] Initializing on GPU 3...
2026-03-06 04:40:18,352 [INFO]   [+] BO Task 00 (GPU 1) finished.
2026-03-06 04:40:29,613 [INFO]   [+] BO Task 01 (GPU 2) finished.
2026-03-06 04:41:14,532 [INFO]   [+] BO Task 02 (GPU 3) finished.
2026-03-06 04:41:15,716 [INFO] Iteration complete. Data saved.
2026-03-06 04:41:15,717 [INFO] 
========================================
2026-03-06 04:41:15,717 [INFO]  BO ITERATION 9 / 30
2026-03-06 04:41:15,717 [INFO] ========================================
2026-03-06 04:41:15,717 [INFO] Training GP Models...
2026-03-06 04:41:17,795 [INFO] Solving Mixed Acquisition Function for 3 candidates...
2026-03-06 04:42:09,763 [INFO]   -> Acquisition Function Value (qLogEHVI): 5.2094
2026-03-06 04:42:09,763 [INFO] Dispatching physics simulations to GPUs...
2026-03-06 04:42:14,530 [INFO] [Eval 24] Initializing on GPU 1...
2026-03-06 04:42:14,552 [INFO] [Eval 25] Initializing on GPU 2...
2026-03-06 04:42:14,568 [INFO] [Eval 26] Initializing on GPU 3...
2026-03-06 06:28:23,912 [INFO]   [+] BO Task 00 (GPU 1) finished.
2026-03-06 06:29:16,757 [INFO]   [+] BO Task 01 (GPU 2) finished.
2026-03-06 06:29:18,118 [INFO]   [+] BO Task 02 (GPU 3) finished.
2026-03-06 06:29:19,308 [INFO] Iteration complete. Data saved.
2026-03-06 06:29:19,308 [INFO] 
========================================
2026-03-06 06:29:19,308 [INFO]  BO ITERATION 10 / 30
2026-03-06 06:29:19,308 [INFO] ========================================
2026-03-06 06:29:19,309 [INFO] Training GP Models...
2026-03-06 06:29:24,097 [INFO] Solving Mixed Acquisition Function for 3 candidates...
2026-03-06 06:30:14,049 [INFO]   -> Acquisition Function Value (qLogEHVI): 5.1518
2026-03-06 06:30:14,049 [INFO] Dispatching physics simulations to GPUs...
2026-03-06 06:30:18,738 [INFO] [Eval 27] Initializing on GPU 1...
2026-03-06 06:30:18,783 [INFO] [Eval 28] Initializing on GPU 2...
2026-03-06 06:30:18,832 [INFO] [Eval 29] Initializing on GPU 3...
2026-03-06 08:16:09,487 [INFO]   [+] BO Task 00 (GPU 1) finished.
2026-03-06 08:16:40,231 [INFO]   [+] BO Task 01 (GPU 2) finished.
2026-03-06 08:16:51,451 [INFO]   [+] BO Task 02 (GPU 3) finished.
2026-03-06 08:16:52,614 [INFO] Iteration complete. Data saved.
2026-03-06 08:16:52,614 [INFO] 
========================================
2026-03-06 08:16:52,614 [INFO]  BO ITERATION 11 / 30
2026-03-06 08:16:52,614 [INFO] ========================================
2026-03-06 08:16:52,614 [INFO] Training GP Models...
2026-03-06 08:16:54,606 [INFO] Solving Mixed Acquisition Function for 3 candidates...
2026-03-06 08:18:54,787 [INFO]   -> Acquisition Function Value (qLogEHVI): 5.3304
2026-03-06 08:18:54,787 [INFO] Dispatching physics simulations to GPUs...
2026-03-06 08:18:59,565 [INFO] [Eval 30] Initializing on GPU 1...
2026-03-06 08:18:59,570 [INFO] [Eval 32] Initializing on GPU 3...
2026-03-06 08:18:59,570 [INFO] [Eval 31] Initializing on GPU 2...
2026-03-06 10:06:27,532 [INFO]   [+] BO Task 00 (GPU 1) finished.
2026-03-06 10:06:56,155 [INFO]   [+] BO Task 01 (GPU 2) finished.
2026-03-06 10:07:04,512 [INFO]   [+] BO Task 02 (GPU 3) finished.
2026-03-06 10:07:05,687 [INFO] Iteration complete. Data saved.
2026-03-06 10:07:05,688 [INFO] 
========================================
2026-03-06 10:07:05,688 [INFO]  BO ITERATION 12 / 30
2026-03-06 10:07:05,688 [INFO] ========================================
2026-03-06 10:07:05,688 [INFO] Training GP Models...
2026-03-06 10:07:09,385 [INFO] Solving Mixed Acquisition Function for 3 candidates...
2026-03-06 10:08:48,798 [INFO]   -> Acquisition Function Value (qLogEHVI): 5.2342
2026-03-06 10:08:48,798 [INFO] Dispatching physics simulations to GPUs...
2026-03-06 10:08:53,584 [INFO] [Eval 33] Initializing on GPU 1...
2026-03-06 10:08:53,584 [INFO] [Eval 35] Initializing on GPU 3...
2026-03-06 10:08:53,625 [INFO] [Eval 34] Initializing on GPU 2...
2026-03-06 11:56:26,521 [INFO]   [+] BO Task 00 (GPU 1) finished.
2026-03-06 11:56:47,564 [INFO]   [+] BO Task 02 (GPU 3) finished.
2026-03-06 11:56:57,120 [INFO]   [+] BO Task 01 (GPU 2) finished.
2026-03-06 11:56:58,283 [INFO] Iteration complete. Data saved.
2026-03-06 11:56:58,283 [INFO] 
========================================
2026-03-06 11:56:58,283 [INFO]  BO ITERATION 13 / 30
2026-03-06 11:56:58,283 [INFO] ========================================
2026-03-06 11:56:58,283 [INFO] Training GP Models...
2026-03-06 11:57:02,067 [INFO] Solving Mixed Acquisition Function for 3 candidates...
2026-03-06 11:57:28,495 [INFO]   -> Acquisition Function Value (qLogEHVI): 5.3533
2026-03-06 11:57:28,495 [INFO] Dispatching physics simulations to GPUs...
2026-03-06 11:57:33,282 [INFO] [Eval 37] Initializing on GPU 2...
2026-03-06 11:57:33,282 [INFO] [Eval 38] Initializing on GPU 3...
2026-03-06 11:57:33,283 [INFO] [Eval 36] Initializing on GPU 1...
2026-03-06 13:45:12,829 [INFO]   [+] BO Task 00 (GPU 1) finished.
2026-03-06 13:45:54,594 [INFO]   [+] BO Task 01 (GPU 2) finished.
2026-03-06 13:46:31,070 [INFO]   [+] BO Task 02 (GPU 3) finished.
2026-03-06 13:46:32,235 [INFO] Iteration complete. Data saved.
2026-03-06 13:46:32,235 [INFO] 
========================================
2026-03-06 13:46:32,235 [INFO]  BO ITERATION 14 / 30
2026-03-06 13:46:32,235 [INFO] ========================================
2026-03-06 13:46:32,235 [INFO] Training GP Models...
2026-03-06 13:46:39,762 [INFO] Solving Mixed Acquisition Function for 3 candidates...
2026-03-06 13:47:42,887 [INFO]   -> Acquisition Function Value (qLogEHVI): 5.1431
2026-03-06 13:47:42,887 [INFO] Dispatching physics simulations to GPUs...
2026-03-06 13:47:47,659 [INFO] [Eval 40] Initializing on GPU 2...
2026-03-06 13:47:47,667 [INFO] [Eval 39] Initializing on GPU 1...
2026-03-06 13:47:47,679 [INFO] [Eval 41] Initializing on GPU 3...
2026-03-06 15:34:44,157 [INFO]   [+] BO Task 01 (GPU 2) finished.
2026-03-06 15:35:52,068 [INFO]   [+] BO Task 00 (GPU 1) finished.
2026-03-06 15:36:29,558 [INFO]   [+] BO Task 02 (GPU 3) finished.
2026-03-06 15:36:30,753 [INFO] Iteration complete. Data saved.
2026-03-06 15:36:30,754 [INFO] 
========================================
2026-03-06 15:36:30,754 [INFO]  BO ITERATION 15 / 30
2026-03-06 15:36:30,754 [INFO] ========================================
2026-03-06 15:36:30,754 [INFO] Training GP Models...
2026-03-06 15:36:35,149 [INFO] Solving Mixed Acquisition Function for 3 candidates...
2026-03-06 15:38:19,001 [INFO]   -> Acquisition Function Value (qLogEHVI): 5.2736
2026-03-06 15:38:19,001 [INFO] Dispatching physics simulations to GPUs...
2026-03-06 15:38:23,787 [INFO] [Eval 42] Initializing on GPU 1...
2026-03-06 15:38:23,823 [INFO] [Eval 43] Initializing on GPU 2...
2026-03-06 15:38:23,849 [INFO] [Eval 44] Initializing on GPU 3...
2026-03-06 17:23:23,180 [INFO]   [+] BO Task 00 (GPU 1) finished.
2026-03-06 17:23:24,006 [INFO]   [+] BO Task 01 (GPU 2) finished.
2026-03-06 17:24:33,711 [INFO]   [+] BO Task 02 (GPU 3) finished.
2026-03-06 17:24:34,908 [INFO] Iteration complete. Data saved.
2026-03-06 17:24:34,908 [INFO] 
========================================
2026-03-06 17:24:34,908 [INFO]  BO ITERATION 16 / 30
2026-03-06 17:24:34,908 [INFO] ========================================
2026-03-06 17:24:34,908 [INFO] Training GP Models...
2026-03-06 17:24:39,842 [INFO] Solving Mixed Acquisition Function for 3 candidates...
2026-03-06 17:33:46,962 [INFO]   -> Acquisition Function Value (qLogEHVI): 5.9950
2026-03-06 17:33:46,962 [INFO] Dispatching physics simulations to GPUs...
2026-03-06 17:33:51,628 [INFO] [Eval 45] Initializing on GPU 1...
2026-03-06 17:33:51,718 [INFO] [Eval 47] Initializing on GPU 3...
2026-03-06 17:33:51,743 [INFO] [Eval 46] Initializing on GPU 2...
2026-03-06 19:18:09,203 [INFO]   [+] BO Task 00 (GPU 1) finished.
2026-03-06 19:18:41,709 [INFO]   [+] BO Task 01 (GPU 2) finished.
2026-03-06 19:18:52,260 [INFO]   [+] BO Task 02 (GPU 3) finished.
2026-03-06 19:18:53,413 [INFO] Iteration complete. Data saved.
2026-03-06 19:18:53,413 [INFO] 
========================================
2026-03-06 19:18:53,413 [INFO]  BO ITERATION 17 / 30
2026-03-06 19:18:53,413 [INFO] ========================================
2026-03-06 19:18:53,414 [INFO] Training GP Models...
2026-03-06 19:18:58,747 [INFO] Solving Mixed Acquisition Function for 3 candidates...
2026-03-06 19:22:06,573 [INFO]   -> Acquisition Function Value (qLogEHVI): 5.4378
2026-03-06 19:22:06,573 [INFO] Dispatching physics simulations to GPUs...
2026-03-06 19:22:11,339 [INFO] [Eval 49] Initializing on GPU 2...
2026-03-06 19:22:11,352 [INFO] [Eval 48] Initializing on GPU 1...
2026-03-06 19:22:11,366 [INFO] [Eval 50] Initializing on GPU 3...
2026-03-06 21:07:59,690 [INFO]   [+] BO Task 00 (GPU 1) finished.
2026-03-06 21:08:39,446 [INFO]   [+] BO Task 01 (GPU 2) finished.
2026-03-06 21:08:42,890 [INFO]   [+] BO Task 02 (GPU 3) finished.
2026-03-06 21:08:44,060 [INFO] Iteration complete. Data saved.
2026-03-06 21:08:44,060 [INFO] 
========================================
2026-03-06 21:08:44,060 [INFO]  BO ITERATION 18 / 30
2026-03-06 21:08:44,060 [INFO] ========================================
2026-03-06 21:08:44,060 [INFO] Training GP Models...
2026-03-06 21:08:46,894 [INFO] Solving Mixed Acquisition Function for 3 candidates...
2026-03-06 21:11:31,131 [INFO]   -> Acquisition Function Value (qLogEHVI): 5.2005
2026-03-06 21:11:31,131 [INFO] Dispatching physics simulations to GPUs...
2026-03-06 21:11:35,868 [INFO] [Eval 51] Initializing on GPU 1...
2026-03-06 21:11:35,868 [INFO] [Eval 52] Initializing on GPU 2...
2026-03-06 21:11:35,889 [INFO] [Eval 53] Initializing on GPU 3...
2026-03-06 22:57:23,431 [INFO]   [+] BO Task 00 (GPU 1) finished.
2026-03-06 22:58:01,069 [INFO]   [+] BO Task 02 (GPU 3) finished.
2026-03-06 22:58:58,327 [INFO]   [+] BO Task 01 (GPU 2) finished.
2026-03-06 22:58:59,513 [INFO] Iteration complete. Data saved.
2026-03-06 22:58:59,513 [INFO] 
========================================
2026-03-06 22:58:59,513 [INFO]  BO ITERATION 19 / 30
2026-03-06 22:58:59,513 [INFO] ========================================
2026-03-06 22:58:59,513 [INFO] Training GP Models...
2026-03-06 22:59:04,584 [INFO] Solving Mixed Acquisition Function for 3 candidates...
2026-03-06 23:08:01,072 [INFO]   -> Acquisition Function Value (qLogEHVI): 5.4237
2026-03-06 23:08:01,072 [INFO] Dispatching physics simulations to GPUs...
2026-03-06 23:08:05,811 [INFO] [Eval 55] Initializing on GPU 2...
2026-03-06 23:08:05,815 [INFO] [Eval 56] Initializing on GPU 3...
2026-03-06 23:08:05,829 [INFO] [Eval 54] Initializing on GPU 1...
2026-03-07 00:54:57,398 [INFO]   [+] BO Task 00 (GPU 1) finished.
2026-03-07 00:55:30,968 [INFO]   [+] BO Task 01 (GPU 2) finished.
2026-03-07 00:56:18,904 [INFO]   [+] BO Task 02 (GPU 3) finished.
2026-03-07 00:56:20,076 [INFO] Iteration complete. Data saved.
2026-03-07 00:56:20,076 [INFO] 
========================================
2026-03-07 00:56:20,076 [INFO]  BO ITERATION 20 / 30
2026-03-07 00:56:20,076 [INFO] ========================================
2026-03-07 00:56:20,076 [INFO] Training GP Models...
2026-03-07 00:56:25,129 [INFO] Solving Mixed Acquisition Function for 3 candidates...
2026-03-07 01:10:37,753 [INFO]   -> Acquisition Function Value (qLogEHVI): 5.9477
2026-03-07 01:10:37,754 [INFO] Dispatching physics simulations to GPUs...
2026-03-07 01:10:42,398 [INFO] [Eval 57] Initializing on GPU 1...
2026-03-07 01:10:42,479 [INFO] [Eval 58] Initializing on GPU 2...
2026-03-07 01:10:42,503 [INFO] [Eval 59] Initializing on GPU 3...
2026-03-07 02:57:11,903 [INFO]   [+] BO Task 00 (GPU 1) finished.
2026-03-07 02:57:39,174 [INFO]   [+] BO Task 01 (GPU 2) finished.
2026-03-07 02:59:55,642 [INFO]   [+] BO Task 02 (GPU 3) finished.
2026-03-07 02:59:56,810 [INFO] Iteration complete. Data saved.
2026-03-07 02:59:56,810 [INFO] 
========================================
2026-03-07 02:59:56,810 [INFO]  BO ITERATION 21 / 30
2026-03-07 02:59:56,810 [INFO] ========================================
2026-03-07 02:59:56,810 [INFO] Training GP Models...
2026-03-07 03:00:05,116 [INFO] Solving Mixed Acquisition Function for 3 candidates...
2026-03-07 03:11:04,281 [INFO]   -> Acquisition Function Value (qLogEHVI): 5.4293
2026-03-07 03:11:04,281 [INFO] Dispatching physics simulations to GPUs...
2026-03-07 03:11:09,067 [INFO] [Eval 61] Initializing on GPU 2...
2026-03-07 03:11:09,068 [INFO] [Eval 60] Initializing on GPU 1...
2026-03-07 03:11:09,068 [INFO] [Eval 62] Initializing on GPU 3...
2026-03-07 04:58:30,218 [INFO]   [+] BO Task 02 (GPU 3) finished.
2026-03-07 04:59:39,113 [INFO]   [+] BO Task 00 (GPU 1) finished.
2026-03-07 05:00:17,613 [INFO]   [+] BO Task 01 (GPU 2) finished.
2026-03-07 05:00:18,775 [INFO] Iteration complete. Data saved.
2026-03-07 05:00:18,775 [INFO] 
========================================
2026-03-07 05:00:18,775 [INFO]  BO ITERATION 22 / 30
2026-03-07 05:00:18,775 [INFO] ========================================
2026-03-07 05:00:18,775 [INFO] Training GP Models...
2026-03-07 05:00:22,820 [INFO] Solving Mixed Acquisition Function for 3 candidates...
2026-03-07 05:11:35,545 [INFO]   -> Acquisition Function Value (qLogEHVI): 5.2677
2026-03-07 05:11:35,545 [INFO] Dispatching physics simulations to GPUs...
2026-03-07 05:11:40,304 [INFO] [Eval 65] Initializing on GPU 3...
2026-03-07 05:11:40,307 [INFO] [Eval 64] Initializing on GPU 2...
2026-03-07 05:11:40,318 [INFO] [Eval 63] Initializing on GPU 1...
2026-03-07 06:58:21,789 [INFO]   [+] BO Task 00 (GPU 1) finished.
2026-03-07 06:58:34,928 [INFO]   [+] BO Task 01 (GPU 2) finished.
2026-03-07 06:58:56,968 [INFO]   [+] BO Task 02 (GPU 3) finished.
2026-03-07 06:58:58,134 [INFO] Iteration complete. Data saved.
2026-03-07 06:58:58,134 [INFO] 
========================================
2026-03-07 06:58:58,134 [INFO]  BO ITERATION 23 / 30
2026-03-07 06:58:58,134 [INFO] ========================================
2026-03-07 06:58:58,134 [INFO] Training GP Models...
2026-03-07 06:59:03,956 [INFO] Solving Mixed Acquisition Function for 3 candidates...
2026-03-07 07:09:21,216 [INFO]   -> Acquisition Function Value (qLogEHVI): 5.2735
2026-03-07 07:09:21,216 [INFO] Dispatching physics simulations to GPUs...
2026-03-07 07:09:25,926 [INFO] [Eval 66] Initializing on GPU 1...
2026-03-07 07:09:25,971 [INFO] [Eval 67] Initializing on GPU 2...
2026-03-07 07:09:25,971 [INFO] [Eval 68] Initializing on GPU 3...
2026-03-07 08:57:05,423 [INFO]   [+] BO Task 00 (GPU 1) finished.
2026-03-07 08:57:49,265 [INFO]   [+] BO Task 02 (GPU 3) finished.
2026-03-07 08:58:46,063 [INFO]   [+] BO Task 01 (GPU 2) finished.
2026-03-07 08:58:47,230 [INFO] Iteration complete. Data saved.
2026-03-07 08:58:47,231 [INFO] 
========================================
2026-03-07 08:58:47,231 [INFO]  BO ITERATION 24 / 30
2026-03-07 08:58:47,231 [INFO] ========================================
2026-03-07 08:58:47,231 [INFO] Training GP Models...
2026-03-07 08:58:51,079 [INFO] Solving Mixed Acquisition Function for 3 candidates...
2026-03-07 09:10:27,407 [INFO]   -> Acquisition Function Value (qLogEHVI): 5.2329
2026-03-07 09:10:27,407 [INFO] Dispatching physics simulations to GPUs...
2026-03-07 09:10:32,141 [INFO] [Eval 69] Initializing on GPU 1...
2026-03-07 09:10:32,200 [INFO] [Eval 70] Initializing on GPU 2...
2026-03-07 09:10:32,208 [INFO] [Eval 71] Initializing on GPU 3...
2026-03-07 10:55:53,396 [INFO]   [+] BO Task 00 (GPU 1) finished.
2026-03-07 10:56:36,376 [INFO]   [+] BO Task 02 (GPU 3) finished.
2026-03-07 10:57:56,647 [INFO]   [+] BO Task 01 (GPU 2) finished.
2026-03-07 10:57:57,811 [INFO] Iteration complete. Data saved.
2026-03-07 10:57:57,811 [INFO] 
========================================
2026-03-07 10:57:57,811 [INFO]  BO ITERATION 25 / 30
2026-03-07 10:57:57,811 [INFO] ========================================
2026-03-07 10:57:57,811 [INFO] Training GP Models...
2026-03-07 10:58:05,540 [INFO] Solving Mixed Acquisition Function for 3 candidates...
2026-03-07 11:07:51,830 [INFO]   -> Acquisition Function Value (qLogEHVI): 5.1864
2026-03-07 11:07:51,830 [INFO] Dispatching physics simulations to GPUs...
2026-03-07 11:07:56,567 [INFO] [Eval 73] Initializing on GPU 2...
2026-03-07 11:07:56,616 [INFO] [Eval 72] Initializing on GPU 1...
2026-03-07 11:07:56,624 [INFO] [Eval 74] Initializing on GPU 3...
2026-03-07 12:54:16,677 [INFO]   [+] BO Task 00 (GPU 1) finished.
2026-03-07 12:54:33,891 [INFO]   [+] BO Task 01 (GPU 2) finished.
2026-03-07 12:54:46,683 [INFO]   [+] BO Task 02 (GPU 3) finished.
2026-03-07 12:54:47,837 [INFO] Iteration complete. Data saved.
2026-03-07 12:54:47,837 [INFO] 
========================================
2026-03-07 12:54:47,837 [INFO]  BO ITERATION 26 / 30
2026-03-07 12:54:47,837 [INFO] ========================================
2026-03-07 12:54:47,837 [INFO] Training GP Models...
2026-03-07 12:54:56,871 [INFO] Solving Mixed Acquisition Function for 3 candidates...
2026-03-07 13:05:49,130 [INFO]   -> Acquisition Function Value (qLogEHVI): 5.3670
2026-03-07 13:05:49,130 [INFO] Dispatching physics simulations to GPUs...
2026-03-07 13:05:53,855 [INFO] [Eval 75] Initializing on GPU 1...
2026-03-07 13:05:53,870 [INFO] [Eval 76] Initializing on GPU 2...
2026-03-07 13:05:53,887 [INFO] [Eval 77] Initializing on GPU 3...
2026-03-07 14:52:40,176 [INFO]   [+] BO Task 00 (GPU 1) finished.
2026-03-07 14:53:20,137 [INFO]   [+] BO Task 01 (GPU 2) finished.
2026-03-07 14:53:31,471 [INFO]   [+] BO Task 02 (GPU 3) finished.
2026-03-07 14:53:32,657 [INFO] Iteration complete. Data saved.
2026-03-07 14:53:32,658 [INFO] 
========================================
2026-03-07 14:53:32,658 [INFO]  BO ITERATION 27 / 30
2026-03-07 14:53:32,658 [INFO] ========================================
2026-03-07 14:53:32,658 [INFO] Training GP Models...
2026-03-07 14:53:42,805 [INFO] Solving Mixed Acquisition Function for 3 candidates...
2026-03-07 15:04:12,168 [INFO]   -> Acquisition Function Value (qLogEHVI): 5.5055
2026-03-07 15:04:12,168 [INFO] Dispatching physics simulations to GPUs...
2026-03-07 15:04:17,006 [INFO] [Eval 80] Initializing on GPU 3...
2026-03-07 15:04:17,008 [INFO] [Eval 78] Initializing on GPU 1...
2026-03-07 15:04:17,008 [INFO] [Eval 79] Initializing on GPU 2...
2026-03-07 16:50:59,983 [INFO]   [+] BO Task 00 (GPU 1) finished.
2026-03-07 16:51:29,617 [INFO]   [+] BO Task 01 (GPU 2) finished.
2026-03-07 16:51:45,097 [INFO]   [+] BO Task 02 (GPU 3) finished.
2026-03-07 16:51:46,284 [INFO] Iteration complete. Data saved.
2026-03-07 16:51:46,284 [INFO] 
========================================
2026-03-07 16:51:46,284 [INFO]  BO ITERATION 28 / 30
2026-03-07 16:51:46,284 [INFO] ========================================
2026-03-07 16:51:46,284 [INFO] Training GP Models...
2026-03-07 16:51:55,034 [INFO] Solving Mixed Acquisition Function for 3 candidates...
2026-03-07 17:02:39,023 [INFO]   -> Acquisition Function Value (qLogEHVI): 5.3465
2026-03-07 17:02:39,023 [INFO] Dispatching physics simulations to GPUs...
2026-03-07 17:02:43,740 [INFO] [Eval 81] Initializing on GPU 1...
2026-03-07 17:02:43,810 [INFO] [Eval 83] Initializing on GPU 3...
2026-03-07 17:02:43,811 [INFO] [Eval 82] Initializing on GPU 2...
2026-03-07 18:49:01,281 [INFO]   [+] BO Task 02 (GPU 3) finished.
2026-03-07 18:49:30,771 [INFO]   [+] BO Task 01 (GPU 2) finished.
2026-03-07 18:49:33,455 [INFO]   [+] BO Task 00 (GPU 1) finished.
2026-03-07 18:49:34,638 [INFO] Iteration complete. Data saved.
2026-03-07 18:49:34,638 [INFO] 
========================================
2026-03-07 18:49:34,638 [INFO]  BO ITERATION 29 / 30
2026-03-07 18:49:34,638 [INFO] ========================================
2026-03-07 18:49:34,638 [INFO] Training GP Models...
2026-03-07 18:49:46,608 [INFO] Solving Mixed Acquisition Function for 3 candidates...
2026-03-07 19:03:31,071 [INFO]   -> Acquisition Function Value (qLogEHVI): 5.2154
2026-03-07 19:03:31,071 [INFO] Dispatching physics simulations to GPUs...
2026-03-07 19:03:35,761 [INFO] [Eval 84] Initializing on GPU 1...
2026-03-07 19:03:35,832 [INFO] [Eval 86] Initializing on GPU 3...
2026-03-07 19:03:35,834 [INFO] [Eval 85] Initializing on GPU 2...
2026-03-07 20:49:00,672 [INFO]   [+] BO Task 00 (GPU 1) finished.
2026-03-07 20:49:21,655 [INFO]   [+] BO Task 01 (GPU 2) finished.
2026-03-07 20:49:37,555 [INFO]   [+] BO Task 02 (GPU 3) finished.
2026-03-07 20:49:38,730 [INFO] Iteration complete. Data saved.
2026-03-07 20:49:38,730 [INFO] 
========================================
2026-03-07 20:49:38,730 [INFO]  BO ITERATION 30 / 30
2026-03-07 20:49:38,730 [INFO] ========================================
2026-03-07 20:49:38,730 [INFO] Training GP Models...
2026-03-07 20:49:45,765 [INFO] Solving Mixed Acquisition Function for 3 candidates...
2026-03-07 21:00:50,232 [INFO]   -> Acquisition Function Value (qLogEHVI): 5.3508
2026-03-07 21:00:50,232 [INFO] Dispatching physics simulations to GPUs...
2026-03-07 21:00:55,079 [INFO] [Eval 87] Initializing on GPU 1...
2026-03-07 21:00:55,081 [INFO] [Eval 88] Initializing on GPU 2...
2026-03-07 21:00:55,089 [INFO] [Eval 89] Initializing on GPU 3...
2026-03-07 22:46:02,535 [INFO]   [+] BO Task 00 (GPU 1) finished.
2026-03-07 22:46:52,809 [INFO]   [+] BO Task 02 (GPU 3) finished.
2026-03-07 22:48:38,586 [INFO]   [+] BO Task 01 (GPU 2) finished.
2026-03-07 22:48:39,766 [INFO] Iteration complete. Data saved.
